### ISSUE TITLE
network_test crashes after long run

### ISSUE THREAD

**Issue by wjhun** [nanovms/nanos#66]
Now with improved memory re-use, the kernel is outlasting network_test:

Could be we're hitting a limit with brk?

```
(gdb) r 192.168.42.76:8080
Starting program: /share/src/uniboot-memory-lwip/test/network_test 192.168.42.76:8080

Program received signal SIGSEGV, Segmentation fault.
0x0000555555557ff4 in zero (x=0xffffffffffffffff, length=32) at /share/src/uniboot-memory-lwip/test/../runtime/runtime.h:63
63              ((u8 *)x)[i] = 0;
1: x/i $pc
=> 0x555555557ff4 <zero+34>:    movb   $0x0,(%rax)
(gdb) bt
#0  0x0000555555557ff4 in zero (x=0xffffffffffffffff, length=32) at /share/src/uniboot-memory-lwip/test/../runtime/runtime.h:63
#1  0x0000555555558995 in table_set (z=0x2000003ffd40, c=0x100000000020, v=0x555556e290b0) at /share/src/uniboot-memory-lwip/test/../runtime/table.c:108
#2  0x0000555555556a99 in http_recv (p=0x555556e25340, b=0x555556e28db0) at http.c:115
#3  0x00005555555567aa in _apply_http_recv (z=0x555556e253f0, r0=0x555556e28db0) at http.c:72
#4  0x000055555555775d in connection_input (h=0x555555770010, f=6, e=3, p=0x555556e253f0) at /share/src/uniboot-memory-lwip/test/../unix_process/socket_user.c:82
#5  0x0000555555557659 in _apply_connection_input (z=0x555556e25410) at /share/src/uniboot-memory-lwip/test/../unix_process/socket_user.c:71
#6  0x0000555555557ec6 in epoll_spin (e=3) at /share/src/uniboot-memory-lwip/test/../unix_process/socket_user.c:168
#7  0x000055555555593c in main (argc=2, argv=0x7fffffffdd68) at network_test.c:67
(gdb) info reg
rax            0xffffffffffffffff       -1
rbx            0x100000000020   17592186044448
rcx            0x5      5
rdx            0x0      0
rsi            0x20     32
rdi            0xffffffffffffffff       -1
rbp            0x7fffffffda20   0x7fffffffda20
rsp            0x7fffffffda20   0x7fffffffda20
r8             0x555556e29040   93825018269760
r9             0x0      0
r10            0xffffffff       4294967295
r11            0x246    582
r12            0x555555554be0   93824992234464
r13            0x7fffffffdd60   140737488346464
r14            0x0      0
r15            0x0      0
rip            0x555555557ff4   0x555555557ff4 <zero+34>
eflags         0x10286  [ PF SF IF RF ]
cs             0x33     51
ss             0x2b     43
ds             0x0      0
es             0x0      0
fs             0x0      0
gs             0x0      0
(gdb) disas /s

[...]

   0x0000555555558945 <+312>:   test   %rax,%rax
   0x0000555555558948 <+315>:   jne    0x555555558873 <table_set+102>
   0x000055555555894e <+321>:   cmpq   $0x0,-0x58(%rbp)
   0x0000555555558953 <+326>:   je     0x555555558a17 <table_set+522>
   0x0000555555558959 <+332>:   movq   $0x20,-0x30(%rbp)
   0x0000555555558961 <+340>:   mov    -0x10(%rbp),%rax
   0x0000555555558965 <+344>:   mov    (%rax),%rax
   0x0000555555558968 <+347>:   mov    (%rax),%rax
   0x000055555555896b <+350>:   mov    -0x10(%rbp),%rdx
   0x000055555555896f <+354>:   mov    (%rdx),%rdx
   0x0000555555558972 <+357>:   mov    -0x30(%rbp),%rcx
   0x0000555555558976 <+361>:   mov    %rcx,%rsi
   0x0000555555558979 <+364>:   mov    %rdx,%rdi
   0x000055555555897c <+367>:   callq  *%rax
   0x000055555555897e <+369>:   mov    %rax,-0x38(%rbp)
   0x0000555555558982 <+373>:   mov    -0x30(%rbp),%rdx
   0x0000555555558986 <+377>:   mov    -0x38(%rbp),%rax
   0x000055555555898a <+381>:   mov    %rdx,%rsi
   0x000055555555898d <+384>:   mov    %rax,%rdi
   0x0000555555558990 <+387>:   callq  0x555555557fd2 <zero>
=> 0x0000555555558995 <+392>:   mov    -0x38(%rbp),%rax
   0x0000555555558999 <+396>:   mov    %rax,-0x40(%rbp)
   0x000055555555899d <+400>:   cmpq   $0xffffffffffffffff,-0x40(%rbp)
   0x00005555555589a2 <+405>:   jne    0x5555555589b5 <table_set+424>

```
